{"/Users/umair/Desktop/task/Modal.js": {"path":"/Users/umair/Desktop/task/Modal.js","statementMap":{"0":{"start":{"line":19,"column":8},"end":{"line":19,"column":18}},"1":{"start":{"line":20,"column":4},"end":{"line":63,"column":5}},"2":{"start":{"line":66,"column":0},"end":{"line":77,"column":2}},"3":{"start":{"line":78,"column":0},"end":{"line":82,"column":1}}},"fnMap":{"0":{"name":"(anonymous_0)","decl":{"start":{"line":7,"column":4},"end":{"line":7,"column":5}},"loc":{"start":{"line":7,"column":13},"end":{"line":64,"column":5}},"line":7}},"branchMap":{"0":{"loc":{"start":{"line":51,"column":17},"end":{"line":58,"column":17}},"type":"binary-expr","locations":[{"start":{"line":51,"column":17},"end":{"line":51,"column":32}},{"start":{"line":52,"column":16},"end":{"line":57,"column":23}}],"line":51}},"s":{"0":7,"1":7,"2":1,"3":1},"f":{"0":7},"b":{"0":[7,1]},"_coverageSchema":"332fd63041d2c1bcb487cc26dd0d5f7d97098a6c","hash":"42b4e1407f3e39fc96295b1126196ff986c0a61f"}
}
